#
# There is insufficient memory for the Java Runtime Environment to continue.
# Native memory allocation (mmap) failed to map 266338304 bytes for G1 virtual space
# Possible reasons:
#   The system is out of physical RAM or swap space
#   The process is running with CompressedOops enabled, and the Java Heap may be blocking the growth of the native heap
# Possible solutions:
#   Reduce memory load on the system
#   Increase physical memory or swap space
#   Check if swap backing store is full
#   Decrease Java heap size (-Xmx/-Xms)
#   Decrease number of Java threads
#   Decrease Java thread stack sizes (-Xss)
#   Set larger code cache with -XX:ReservedCodeCacheSize=
#   JVM is running with Zero Based Compressed Oops mode in which the Java heap is
#     placed in the first 32GB address space. The Java Heap base address is the
#     maximum limit for the native heap growth. Please use -XX:HeapBaseMinAddress
#     to set the Java Heap base and to place the Java Heap above 32GB virtual address.
# This output file may be truncated or incomplete.
#
#  Out of Memory Error (os_windows.cpp:3527), pid=6028, tid=13260
#
# JRE version:  (19.0.1+10) (build )
# Java VM: Java HotSpot(TM) 64-Bit Server VM (19.0.1+10-21, mixed mode, sharing, tiered, compressed oops, compressed class ptrs, g1 gc, windows-amd64)
# No core dump will be written. Minidumps are not enabled by default on client versions of Windows
#

---------------  S U M M A R Y ------------

Command Line: -javaagent:C:\Program Files\JetBrains\IntelliJ IDEA Community Edition 2023.1\lib\idea_rt.jar=55655:C:\Program Files\JetBrains\IntelliJ IDEA Community Edition 2023.1\bin -Dfile.encoding=UTF-8 -Dsun.stdout.encoding=UTF-8 -Dsun.stderr.encoding=UTF-8 ru.geekbrains.lesson3.Program

Host: Intel(R) Core(TM) i5-8300H CPU @ 2.30GHz, 8 cores, 15G,  Windows 10 , 64 bit Build 19041 (10.0.19041.3155)
Time: Fri Sep  8 20:37:12 2023 RTZ 7 (s 10 , 64 bit Build 19041 (10.0.19041.3155) elapsed time: 0.046466 seconds (0d 0h 0m 0s)

---------------  T H R E A D  ---------------

Current thread (0x0000020e8fb9e240):  JavaThread "Unknown thread" [_thread_in_vm, id=13260, stack(0x00000011bed00000,0x00000011bee00000)]

Stack: [0x00000011bed00000,0x00000011bee00000]
Native frames: (J=compiled Java code, j=interpreted, Vv=VM code, C=native code)
V  [jvm.dll+0x6ee8fa]
V  [jvm.dll+0x857a1e]
V  [jvm.dll+0x85940e]
V  [jvm.dll+0x859ac3]
V  [jvm.dll+0x28291f]
V  [jvm.dll+0x6eb6e9]
V  [jvm.dll+0x6e028a]
V  [jvm.dll+0x357136]
V  [jvm.dll+0x35eb96]
V  [jvm.dll+0x3b555e]
V  [jvm.dll+0x3b578f]
V  [jvm.dll+0x32c6ea]
V  [jvm.dll+0x32d59e]
V  [jvm.dll+0x821b20]
V  [jvm.dll+0x3c27c1]
V  [jvm.dll+0x8022f1]
V  [jvm.dll+0x44b30f]
V  [jvm.dll+0x44cc91]
C  [jli.dll+0x5287]
C  [ucrtbase.dll+0x21bb2]
C  [KERNEL32.DLL+0x17614]
C  [ntdll.dll+0x526b1]


---------------  P R O C E S S  ---------------

Threads class SMR info:
_java_thread_list=0x00007ffd2ddcd048, length=0, elements={
}

Java Threads: ( => current thread )

Other Threads:
  0x0000020e8fc0c090 WorkerThread "GC Thread#0" [stack: 0x00000011bee00000,0x00000011bef00000] [id=14352]
  0x0000020e8fc1df30 ConcurrentGCThread "G1 Main Marker" [stack: 0x00000011bef00000,0x00000011bf000000] [id=11160]
  0x0000020e8fc21120 WorkerThread "G1 Conc#0" [stack: 0x00000011bf000000,0x00000011bf100000] [id=21528]

[error occurred during error reporting (printing all threads), id 0xc0000005, EXCEPTION_ACCESS_VIOLATION (0xc0000005) at pc=0x00007ffd2d58d127]

VM state: not at safepoint (not fully initialized)

VM Mutex/Monitor currently owned by a thread:  ([mutex/lock_event])
[0x0000020e8fb98ed0] Heap_lock - owner thread: 0x0000020e8fb9e240

Heap address: 0x0000000702600000, size: 4058 MB, Compressed Oops mode: Zero based, Oop shift amount: 3

CDS archive(s) mapped at: [0x0000000000000000-0x0000000000000000-0x0000000000000000), size 0, SharedBaseAddress: 0x0000000800000000, ArchiveRelocationMode: 0.
Narrow klass base: 0x0000000000000000, Narrow klass shift: 0, Narrow klass range: 0x0

GC Precious Log:
 CardTable entry size: 512
 Card Set container configuration: InlinePtr #cards 4 size 8 Array Of Cards #cards 16 size 48 Howl #buckets 8 coarsen threshold 3686 Howl Bitmap #cards 512 size 80 coarsen threshold 460 Card regions per heap region 1 cards per card region 4096

Heap:
 garbage-first heap   total 0K, used 0K [0x0000000702600000, 0x0000000800000000)
  region size 2048K, 0 young (0K), 0 survivors (0K)

[error occurred during error reporting (printing heap information), id 0xc0000005, EXCEPTION_ACCESS_VIOLATION (0xc0000005) at pc=0x00007ffd2d996959]

GC Heap History (0 events):
No events

Dll operation events (1 events):
Event: 0.042 Loaded shared library C:\Program Files\Java\jdk-19\bin\java.dll

Deoptimization events (0 events):
No events

Classes loaded (0 events):
No events

Classes unloaded (0 events):
No events

Classes redefined (0 events):
No events

Internal exceptions (0 events):
No events

VM Operations (0 events):
No events

Events (0 events):
No events


Dynamic libraries:
0x00007ff676fa0000 - 0x00007ff676fb0000 	C:\Program Files\Java\jdk-19\bin\java.exe
0x00007ffd9b330000 - 0x00007ffd9b528000 	C:\WINDOWS\SYSTEM32\ntdll.dll
0x00007ffd9a930000 - 0x00007ffd9a9ef000 	C:\WINDOWS\System32\KERNEL32.DLL
0x00007ffd98e40000 - 0x00007ffd99136000 	C:\WINDOWS\System32\KERNELBASE.dll
0x00007ffd98b80000 - 0x00007ffd98c80000 	C:\WINDOWS\System32\ucrtbase.dll
0x00007ffd92b00000 - 0x00007ffd92b18000 	C:\Program Files\Java\jdk-19\bin\jli.dll
0x00007ffd92ae0000 - 0x00007ffd92afb000 	C:\Program Files\Java\jdk-19\bin\VCRUNTIME140.dll
0x00007ffd998e0000 - 0x00007ffd9998f000 	C:\WINDOWS\System32\ADVAPI32.dll
0x00007ffd99c40000 - 0x00007ffd99cde000 	C:\WINDOWS\System32\msvcrt.dll
0x00007ffd9a690000 - 0x00007ffd9a72c000 	C:\WINDOWS\System32\sechost.dll
0x00007ffd9ac30000 - 0x00007ffd9ad56000 	C:\WINDOWS\System32\RPCRT4.dll
0x00007ffd99ce0000 - 0x00007ffd99e7d000 	C:\WINDOWS\System32\USER32.dll
0x00007ffd86420000 - 0x00007ffd866ba000 	C:\WINDOWS\WinSxS\amd64_microsoft.windows.common-controls_6595b64144ccf1df_6.0.19041.1110_none_60b5254171f9507e\COMCTL32.dll
0x00007ffd98e10000 - 0x00007ffd98e32000 	C:\WINDOWS\System32\win32u.dll
0x00007ffd9ab40000 - 0x00007ffd9ab6c000 	C:\WINDOWS\System32\GDI32.dll
0x00007ffd98cf0000 - 0x00007ffd98e05000 	C:\WINDOWS\System32\gdi32full.dll
0x00007ffd989e0000 - 0x00007ffd98a7d000 	C:\WINDOWS\System32\msvcp_win.dll
0x00007ffd8e6e0000 - 0x00007ffd8e6ea000 	C:\WINDOWS\SYSTEM32\VERSION.dll
0x00007ffd99c10000 - 0x00007ffd99c40000 	C:\WINDOWS\System32\IMM32.DLL
0x00007ffd92a90000 - 0x00007ffd92a9c000 	C:\Program Files\Java\jdk-19\bin\vcruntime140_1.dll
0x00007ffd6c580000 - 0x00007ffd6c60e000 	C:\Program Files\Java\jdk-19\bin\msvcp140.dll
0x00007ffd2d250000 - 0x00007ffd2df10000 	C:\Program Files\Java\jdk-19\bin\server\jvm.dll
0x00007ffd866d0000 - 0x00007ffd866f7000 	C:\WINDOWS\SYSTEM32\WINMM.dll
0x00007ffd7bbf0000 - 0x00007ffd7bbf9000 	C:\WINDOWS\SYSTEM32\WSOCK32.dll
0x00007ffd9aad0000 - 0x00007ffd9ab3b000 	C:\WINDOWS\System32\WS2_32.dll
0x00007ffd971d0000 - 0x00007ffd971e2000 	C:\WINDOWS\SYSTEM32\kernel.appcore.dll
0x00007ffd92a60000 - 0x00007ffd92a6a000 	C:\Program Files\Java\jdk-19\bin\jimage.dll
0x00007ffd88f60000 - 0x00007ffd89144000 	C:\WINDOWS\SYSTEM32\DBGHELP.DLL
0x00007ffd833d0000 - 0x00007ffd83404000 	C:\WINDOWS\SYSTEM32\dbgcore.DLL
0x00007ffd992d0000 - 0x00007ffd99352000 	C:\WINDOWS\System32\bcryptPrimitives.dll
0x00007ffd8f2c0000 - 0x00007ffd8f2ce000 	C:\Program Files\Java\jdk-19\bin\instrument.dll
0x00007ffd911c0000 - 0x00007ffd911e6000 	C:\Program Files\Java\jdk-19\bin\java.dll

dbghelp: loaded successfully - version: 4.0.5 - missing functions: none
symbol engine: initialized successfully - sym options: 0x614 - pdb path: .;C:\Program Files\Java\jdk-19\bin;C:\WINDOWS\SYSTEM32;C:\WINDOWS\WinSxS\amd64_microsoft.windows.common-controls_6595b64144ccf1df_6.0.19041.1110_none_60b5254171f9507e;C:\Program Files\Java\jdk-19\bin\server

VM Arguments:
jvm_args: -javaagent:C:\Program Files\JetBrains\IntelliJ IDEA Community Edition 2023.1\lib\idea_rt.jar=55655:C:\Program Files\JetBrains\IntelliJ IDEA Community Edition 2023.1\bin -Dfile.encoding=UTF-8 -Dsun.stdout.encoding=UTF-8 -Dsun.stderr.encoding=UTF-8 
java_command: ru.geekbrains.lesson3.Program
java_class_path (initial): D:\O_Buffer\Архивы\lesson3\lesson3\src\main\java\ru\geekbrains\lesson3\out\production\lesson3
Launcher Type: SUN_STANDARD

[Global flags]
     intx CICompilerCount                          = 4                                         {product} {ergonomic}
     uint ConcGCThreads                            = 2                                         {product} {ergonomic}
     uint G1ConcRefinementThreads                  = 8                                         {product} {ergonomic}
   size_t G1HeapRegionSize                         = 2097152                                   {product} {ergonomic}
    uintx GCDrainStackTargetSize                   = 64                                        {product} {ergonomic}
   size_t InitialHeapSize                          = 266338304                                 {product} {ergonomic}
   size_t MarkStackSize                            = 4194304                                   {product} {ergonomic}
   size_t MaxHeapSize                              = 4255121408                                {product} {ergonomic}
   size_t MinHeapDeltaBytes                        = 2097152                                   {product} {ergonomic}
   size_t MinHeapSize                              = 8388608                                   {product} {ergonomic}
    uintx NonNMethodCodeHeapSize                   = 5839372                                {pd product} {ergonomic}
    uintx NonProfiledCodeHeapSize                  = 122909434                              {pd product} {ergonomic}
    uintx ProfiledCodeHeapSize                     = 122909434                              {pd product} {ergonomic}
    uintx ReservedCodeCacheSize                    = 251658240                              {pd product} {ergonomic}
     bool SegmentedCodeCache                       = true                                      {product} {ergonomic}
   size_t SoftMaxHeapSize                          = 4255121408                             {manageable} {ergonomic}
     bool UseCompressedClassPointers               = true                           {product lp64_product} {ergonomic}
     bool UseCompressedOops                        = true                           {product lp64_product} {ergonomic}
     bool UseG1GC                                  = true                                      {product} {ergonomic}
     bool UseLargePagesIndividualAllocation        = false                                  {pd product} {ergonomic}

Logging:
Log output configuration:
 #0: stdout all=warning uptime,level,tags foldmultilines=false
 #1: stderr all=off uptime,level,tags foldmultilines=false

Environment Variables:
PATH=C:\Program Files\Eclipse Adoptium\jdk-17.0.5.8-hotspot\bin;C:\Program Files\Common Files\Oracle\Java\javapath;C:\Program Files\Python311\Scripts\;C:\Program Files\Python311\;D:\Program Files\Python312\Scripts\;D:\Program Files\Python312\;D:\Program Files\Python311\Scripts\;D:\Program Files\Python311\;C:\Program Files (x86)\Intel\Intel(R) Management Engine Components\iCLS\;C:\Program Files\Intel\Intel(R) Management Engine Components\iCLS\;C:\Windows\system32;C:\Windows;C:\Windows\System32\Wbem;C:\Windows\System32\WindowsPowerShell\v1.0\;C:\Windows\System32\OpenSSH\;C:\Program Files (x86)\Intel\Intel(R) Management Engine Components\DAL;C:\Program Files\Intel\Intel(R) Management Engine Components\DAL;C:\Program Files (x86)\Intel\Intel(R) Management Engine Components\IPT;C:\Program Files\Intel\Intel(R) Management Engine Components\IPT;C:\Program Files (x86)\NVIDIA Corporation\PhysX\Common;C:\Program Files\Intel\WiFi\bin\;C:\Program Files\Common Files\Intel\WirelessCommon\;C:\Program Files\NVIDIA Corporation\NVIDIA NvDLISR;C:\WINDOWS\system32;C:\WINDOWS;C:\WINDOWS\System32\Wbem;C:\WINDOWS\System32\WindowsPowerShell\v1.0\;C:\WINDOWS\System32\OpenSSH\;C:\Program Files (x86)\HP\Common\HPDestPlgIn\;C:\Program Files (x86)\HP\IdrsOCR_15.2.10.1114\;C:\Program Files\dotnet\;D:\Program Files\Redis\;C:\Program Files (x86)\dotnet\;C:\Program Files\WireGuard\;C:\Program Files\Docker\Docker\resources\bin;C:\Program Files (x86)\AOMEI\AOMEI Backupper\7.2.3;D:\Program Files\Git\cmd;C:\Program Files\MySQL\MySQL Shell 8.0\bin\;C:\Users\zykai\AppData\Local\Programs\Python\Launcher\;C:\Users\zykai\AppData\Local\Microsoft\WindowsApps;C:\Users\zykai\.dotnet\tools;C:\Program Files\JetBrains\PyCharm Community Edition 2022.2.3\bin;D:\Programs\Microsoft VS Code\bin;C:\Program Files\JetBrains\IntelliJ IDEA Community Edition 2022.2.3\bin;C:\Users\zykai\AppData\Local\Programs\Microsoft VS Code\bin;D:\Program Files (x86)\Brackets\;D:\Program Files\JetBrains\WebStorm 2023.1.3\bin
USERNAME=zykai
OS=Windows_NT
PROCESSOR_IDENTIFIER=Intel64 Family 6 Model 158 Stepping 10, GenuineIntel
TMP=C:\Users\zykai\AppData\Local\Temp
TEMP=C:\Users\zykai\AppData\Local\Temp



---------------  S Y S T E M  ---------------

OS:
 Windows 10 , 64 bit Build 19041 (10.0.19041.3155)
OS uptime: 0 days 14:29 hours
Hyper-V role detected

CPU: total 8 (initial active 8) (4 cores per cpu, 2 threads per core) family 6 model 158 stepping 10 microcode 0xb4, cx8, cmov, fxsr, ht, mmx, 3dnowpref, sse, sse2, sse3, ssse3, sse4.1, sse4.2, popcnt, lzcnt, tsc, tscinvbit, avx, avx2, aes, erms, clmul, bmi1, bmi2, adx, fma, vzeroupper, clflush, clflushopt, hv, rdtscp

Memory: 4k page, system-wide physical 16229M (5820M free)
TotalPageFile size 18277M (AvailPageFile size 176M)
current process WorkingSet (physical memory assigned to process): 11M, peak: 11M
current process commit charge ("private bytes"): 60M, peak: 314M

vm_info: Java HotSpot(TM) 64-Bit Server VM (19.0.1+10-21) for windows-amd64 JRE (19.0.1+10-21), built on 2022-09-14T12:45:06Z by "mach5one" with MS VC++ 17.1 (VS2022)

END.
